[2022-12-12 13:14:34] [ INFO ] [OdontologoService:24] Se solicita el guardado de un Odontologo
[2022-12-12 13:39:05] [ INFO ] [OdontologoService:24] Se solicita el guardado de un Odontologo
[2022-12-12 13:39:35] [ INFO ] [PacienteService:23] Se solicita el guardado de un Paciente
[2022-12-12 13:39:49] [ INFO ] [TurnoService:53] Se solicita la informacion de todos los turnos
[2022-12-12 13:39:51] [ INFO ] [TurnoService:53] Se solicita la informacion de todos los turnos
[2022-12-12 13:39:57] [ INFO ] [PacienteService:36] Se solicita actualizar el paciente con ID1
[2022-12-12 13:39:57] [ INFO ] [OdontologoService:37] Se solicita actualizar el odontonlogo con ID1
[2022-12-12 13:39:57] [ INFO ] [TurnoService:25] Se solicita guardar un nuevo turno
[2022-12-12 13:39:59] [ INFO ] [TurnoService:53] Se solicita la informacion de todos los turnos
[2022-12-12 13:40:01] [ INFO ] [TurnoService:41] Se solicita la informacion del turno con ID1
[2022-12-12 13:40:01] [ INFO ] [TurnoService:44] Se devuelve la informacion del turno con ID1
[2022-12-12 13:40:02] [ INFO ] [TurnoService:41] Se solicita la informacion del turno con ID1
[2022-12-12 13:40:02] [ INFO ] [TurnoService:44] Se devuelve la informacion del turno con ID1
[2022-12-12 13:40:02] [ WARN ] [TurnoService:32] Se solicita eliminar un turno
[2022-12-12 13:40:19] [ INFO ] [PacienteService:23] Se solicita el guardado de un Paciente
[2022-12-12 13:40:22] [ INFO ] [PacienteService:40] Se solicita el listado de todos los pacientes
[2022-12-12 13:45:25] [ INFO ] [TurnoService:53] Se solicita la informacion de todos los turnos
[2022-12-12 13:45:26] [ INFO ] [PacienteService:40] Se solicita el listado de todos los pacientes
[2022-12-12 13:45:28] [ INFO ] [OdontologoService:41] Se solicita el listado de todos los Odontologos
[2022-12-12 13:45:31] [ INFO ] [PacienteService:40] Se solicita el listado de todos los pacientes
[2022-12-12 13:52:52] [ INFO ] [PacienteService:40] Se solicita el listado de todos los pacientes
[2022-12-12 13:52:54] [ INFO ] [OdontologoService:41] Se solicita el listado de todos los Odontologos
[2022-12-12 13:52:57] [ INFO ] [PacienteService:40] Se solicita el listado de todos los pacientes
[2022-12-12 13:53:10] [ INFO ] [PacienteService:23] Se solicita el guardado de un Paciente
[2022-12-12 13:53:13] [ INFO ] [PacienteService:40] Se solicita el listado de todos los pacientes
[2022-12-12 13:54:55] [ INFO ] [PacienteService:40] Se solicita el listado de todos los pacientes
[2022-12-12 13:54:56] [ INFO ] [PacienteService:40] Se solicita el listado de todos los pacientes
[2022-12-12 14:08:16] [ INFO ] [OdontologoService:41] Se solicita el listado de todos los Odontologos
[2022-12-12 14:09:41] [ INFO ] [OdontologoService:41] Se solicita el listado de todos los Odontologos
[2022-12-12 14:10:46] [ INFO ] [OdontologoService:41] Se solicita el listado de todos los Odontologos
[2022-12-12 14:10:56] [ INFO ] [TurnoService:53] Se solicita la informacion de todos los turnos
[2022-12-12 14:19:42] [ INFO ] [OdontologoService:41] Se solicita el listado de todos los Odontologos
[2022-12-12 14:25:10] [ INFO ] [OdontologoService:41] Se solicita el listado de todos los Odontologos
[2022-12-12 14:25:25] [ INFO ] [OdontologoService:41] Se solicita el listado de todos los Odontologos
[2022-12-12 14:28:49] [ INFO ] [OdontologoService:41] Se solicita el listado de todos los Odontologos
[2022-12-12 14:28:53] [ INFO ] [OdontologoService:41] Se solicita el listado de todos los Odontologos
[2022-12-12 14:42:18] [ INFO ] [OdontologoService:41] Se solicita el listado de todos los Odontologos
[2022-12-12 14:42:39] [ INFO ] [OdontologoService:24] Se solicita el guardado de un Odontologo
[2022-12-12 14:42:50] [ INFO ] [OdontologoService:41] Se solicita el listado de todos los Odontologos
[2022-12-12 14:42:54] [ INFO ] [OdontologoService:41] Se solicita el listado de todos los Odontologos
[2022-12-12 14:43:45] [ INFO ] [OdontologoService:41] Se solicita el listado de todos los Odontologos
[2022-12-12 14:43:52] [ INFO ] [OdontologoService:24] Se solicita el guardado de un Odontologo
[2022-12-12 14:43:54] [ INFO ] [OdontologoService:41] Se solicita el listado de todos los Odontologos
[2022-12-12 14:45:21] [ INFO ] [OdontologoService:41] Se solicita el listado de todos los Odontologos
[2022-12-12 14:45:30] [ INFO ] [OdontologoService:24] Se solicita el guardado de un Odontologo
[2022-12-12 14:45:33] [ INFO ] [OdontologoService:41] Se solicita el listado de todos los Odontologos
[2022-12-12 14:46:18] [ INFO ] [PacienteService:23] Se solicita el guardado de un Paciente
[2022-12-12 14:46:24] [ INFO ] [PacienteService:40] Se solicita el listado de todos los pacientes
[2022-12-12 14:47:22] [ INFO ] [PacienteService:36] Se solicita actualizar el paciente con ID1
[2022-12-12 14:47:29] [ INFO ] [PacienteService:36] Se solicita actualizar el paciente con ID1
[2022-12-12 14:47:29] [ INFO ] [PacienteService:28] Se solicita actualizar el paciente con ID1
[2022-12-12 14:47:29] [ INFO ] [PacienteService:40] Se solicita el listado de todos los pacientes
[2022-12-12 14:47:57] [ INFO ] [PacienteService:40] Se solicita el listado de todos los pacientes
[2022-12-12 14:48:18] [ INFO ] [PacienteService:23] Se solicita el guardado de un Paciente
[2022-12-12 14:48:27] [ INFO ] [PacienteService:40] Se solicita el listado de todos los pacientes
[2022-12-12 14:48:48] [ INFO ] [OdontologoService:41] Se solicita el listado de todos los Odontologos
[2022-12-12 14:48:58] [ INFO ] [OdontologoService:41] Se solicita el listado de todos los Odontologos
[2022-12-12 14:49:00] [ INFO ] [OdontologoService:41] Se solicita el listado de todos los Odontologos
[2022-12-12 14:49:03] [ INFO ] [OdontologoService:41] Se solicita el listado de todos los Odontologos
[2022-12-12 14:49:05] [ INFO ] [OdontologoService:41] Se solicita el listado de todos los Odontologos
[2022-12-12 14:49:57] [ INFO ] [PacienteService:36] Se solicita actualizar el paciente con ID1
[2022-12-12 14:49:57] [ INFO ] [OdontologoService:37] Se solicita actualizar el odontonlogo con ID1
[2022-12-12 14:49:57] [ INFO ] [TurnoService:25] Se solicita guardar un nuevo turno
[2022-12-12 14:49:59] [ INFO ] [TurnoService:53] Se solicita la informacion de todos los turnos
[2022-12-12 14:50:42] [ INFO ] [TurnoService:41] Se solicita la informacion del turno con ID1
[2022-12-12 14:50:42] [ INFO ] [TurnoService:44] Se devuelve la informacion del turno con ID1
[2022-12-12 14:50:52] [ INFO ] [TurnoService:41] Se solicita la informacion del turno con ID1
[2022-12-12 14:50:52] [ INFO ] [TurnoService:44] Se devuelve la informacion del turno con ID1
[2022-12-12 14:50:52] [ INFO ] [PacienteService:36] Se solicita actualizar el paciente con ID1
[2022-12-12 14:50:52] [ INFO ] [OdontologoService:37] Se solicita actualizar el odontonlogo con ID2
[2022-12-12 14:50:52] [ INFO ] [TurnoService:53] Se solicita la informacion de todos los turnos
[2022-12-12 14:50:55] [ INFO ] [TurnoService:41] Se solicita la informacion del turno con ID1
[2022-12-12 14:50:55] [ INFO ] [TurnoService:44] Se devuelve la informacion del turno con ID1
[2022-12-12 14:50:55] [ WARN ] [TurnoService:32] Se solicita eliminar un turno
[2022-12-12 15:22:04] [ INFO ] [OdontologoService:42] Se solicita el listado de todos los Odontologos
[2022-12-12 15:22:06] [ INFO ] [OdontologoService:42] Se solicita el listado de todos los Odontologos
[2022-12-12 15:22:08] [ INFO ] [OdontologoService:42] Se solicita el listado de todos los Odontologos
[2022-12-12 15:22:11] [ INFO ] [TurnoService:54] Se solicita la informacion de todos los turnos
[2022-12-12 15:22:12] [ INFO ] [OdontologoService:42] Se solicita el listado de todos los Odontologos
[2022-12-12 15:22:25] [ INFO ] [OdontologoService:25] Se solicita el guardado de un Odontologo
[2022-12-12 15:22:31] [ INFO ] [OdontologoService:42] Se solicita el listado de todos los Odontologos
[2022-12-12 15:22:32] [ INFO ] [OdontologoService:38] Se solicita actualizar el odontonlogo con ID1
[2022-12-12 15:22:39] [ INFO ] [OdontologoService:25] Se solicita el guardado de un Odontologo
[2022-12-12 15:22:41] [ INFO ] [OdontologoService:42] Se solicita el listado de todos los Odontologos
[2022-12-12 15:22:45] [ INFO ] [OdontologoService:38] Se solicita actualizar el odontonlogo con ID1
[2022-12-12 15:22:45] [ WARN ] [OdontologoService:34] Se solicita eliminar el odontonlogo con ID1
[2022-12-12 15:22:46] [ INFO ] [OdontologoService:38] Se solicita actualizar el odontonlogo con ID2
[2022-12-12 15:23:19] [ INFO ] [OdontologoService:38] Se solicita actualizar el odontonlogo con ID2
[2022-12-12 15:23:19] [ INFO ] [OdontologoService:30] Se solicita actualizar el odontonlogo con ID2
[2022-12-12 15:23:19] [ INFO ] [OdontologoService:42] Se solicita el listado de todos los Odontologos
[2022-12-12 15:23:39] [ INFO ] [PacienteService:24] Se solicita el guardado de un Paciente
[2022-12-12 15:23:43] [ INFO ] [PacienteService:41] Se solicita el listado de todos los pacientes
[2022-12-12 15:24:01] [ INFO ] [PacienteService:24] Se solicita el guardado de un Paciente
[2022-12-12 15:24:08] [ INFO ] [PacienteService:41] Se solicita el listado de todos los pacientes
[2022-12-12 15:24:13] [ INFO ] [PacienteService:37] Se solicita actualizar el paciente con ID2
[2022-12-12 15:24:46] [ INFO ] [PacienteService:37] Se solicita actualizar el paciente con ID2
[2022-12-12 15:24:46] [ INFO ] [PacienteService:29] Se solicita actualizar el paciente con ID2
[2022-12-12 15:24:46] [ INFO ] [PacienteService:41] Se solicita el listado de todos los pacientes
[2022-12-12 15:24:49] [ INFO ] [PacienteService:37] Se solicita actualizar el paciente con ID1
[2022-12-12 15:24:49] [ WARN ] [PacienteService:33] Se solicita eliminar el paciente con ID1
[2022-12-12 15:24:55] [ INFO ] [PacienteService:41] Se solicita el listado de todos los pacientes
[2022-12-12 15:24:57] [ INFO ] [OdontologoService:42] Se solicita el listado de todos los Odontologos
[2022-12-12 15:25:06] [ INFO ] [PacienteService:37] Se solicita actualizar el paciente con ID2
[2022-12-12 15:25:06] [ INFO ] [OdontologoService:38] Se solicita actualizar el odontonlogo con ID2
[2022-12-12 15:25:06] [ INFO ] [TurnoService:26] Se solicita guardar un nuevo turno
[2022-12-12 15:25:11] [ INFO ] [TurnoService:54] Se solicita la informacion de todos los turnos
[2022-12-12 15:25:17] [ INFO ] [PacienteService:37] Se solicita actualizar el paciente con ID2
[2022-12-12 15:25:17] [ INFO ] [OdontologoService:38] Se solicita actualizar el odontonlogo con ID2
[2022-12-12 15:25:17] [ INFO ] [TurnoService:26] Se solicita guardar un nuevo turno
[2022-12-12 15:25:24] [ INFO ] [TurnoService:54] Se solicita la informacion de todos los turnos
[2022-12-12 15:25:27] [ INFO ] [TurnoService:42] Se solicita la informacion del turno con ID2
[2022-12-12 15:25:27] [ INFO ] [TurnoService:45] Se devuelve la informacion del turno con ID2
[2022-12-12 15:25:38] [ INFO ] [TurnoService:42] Se solicita la informacion del turno con ID2
[2022-12-12 15:25:38] [ INFO ] [TurnoService:45] Se devuelve la informacion del turno con ID2
[2022-12-12 15:25:38] [ INFO ] [PacienteService:37] Se solicita actualizar el paciente con ID2
[2022-12-12 15:25:38] [ INFO ] [OdontologoService:38] Se solicita actualizar el odontonlogo con ID2
[2022-12-12 15:25:38] [ INFO ] [TurnoService:37] Se solicita actualizar el paciente con ID
[2022-12-12 15:25:38] [ INFO ] [TurnoService:54] Se solicita la informacion de todos los turnos
[2022-12-12 15:25:40] [ INFO ] [TurnoService:42] Se solicita la informacion del turno con ID1
[2022-12-12 15:25:40] [ INFO ] [TurnoService:45] Se devuelve la informacion del turno con ID1
[2022-12-12 15:25:40] [ WARN ] [TurnoService:33] Se solicita eliminar un turno
[2022-12-12 15:25:53] [ INFO ] [OdontologoService:42] Se solicita el listado de todos los Odontologos
[2022-12-12 15:26:30] [ INFO ] [OdontologoService:42] Se solicita el listado de todos los Odontologos
[2022-12-12 15:27:17] [ INFO ] [OdontologoService:42] Se solicita el listado de todos los Odontologos
[2022-12-12 15:27:19] [ INFO ] [OdontologoService:42] Se solicita el listado de todos los Odontologos
[2022-12-12 15:27:22] [ INFO ] [OdontologoService:42] Se solicita el listado de todos los Odontologos
[2022-12-12 15:27:25] [ INFO ] [OdontologoService:42] Se solicita el listado de todos los Odontologos
[2022-12-12 15:27:58] [ INFO ] [TurnoService:54] Se solicita la informacion de todos los turnos
[2022-12-12 15:28:06] [ INFO ] [PacienteService:37] Se solicita actualizar el paciente con ID2
[2022-12-12 15:28:06] [ INFO ] [OdontologoService:38] Se solicita actualizar el odontonlogo con ID2
[2022-12-12 15:28:06] [ INFO ] [TurnoService:26] Se solicita guardar un nuevo turno
[2022-12-12 15:28:08] [ INFO ] [TurnoService:54] Se solicita la informacion de todos los turnos
[2022-12-12 15:28:09] [ INFO ] [TurnoService:42] Se solicita la informacion del turno con ID2
[2022-12-12 15:28:09] [ INFO ] [TurnoService:45] Se devuelve la informacion del turno con ID2
[2022-12-12 15:28:09] [ WARN ] [TurnoService:33] Se solicita eliminar un turno
[2022-12-12 15:29:03] [ INFO ] [OdontologoService:25] Se solicita el guardado de un Odontologo
[2022-12-12 15:29:03] [ INFO ] [OdontologoService:38] Se solicita actualizar el odontonlogo con ID1
[2022-12-12 15:29:03] [ INFO ] [OdontologoService:42] Se solicita el listado de todos los Odontologos
[2022-12-12 15:29:03] [ INFO ] [OdontologoService:30] Se solicita actualizar el odontonlogo con ID1
[2022-12-12 15:29:03] [ INFO ] [OdontologoService:38] Se solicita actualizar el odontonlogo con ID1
[2022-12-12 15:29:03] [ WARN ] [OdontologoService:34] Se solicita eliminar el odontonlogo con ID1
[2022-12-12 15:29:03] [ INFO ] [OdontologoService:38] Se solicita actualizar el odontonlogo con ID1
[2022-12-12 15:29:03] [ INFO ] [OdontologoService:25] Se solicita el guardado de un Odontologo
[2022-12-12 15:29:03] [ INFO ] [PacienteService:24] Se solicita el guardado de un Paciente
[2022-12-12 15:29:04] [ INFO ] [TurnoService:26] Se solicita guardar un nuevo turno
[2022-12-12 15:29:04] [ INFO ] [OdontologoService:25] Se solicita el guardado de un Odontologo
[2022-12-12 15:29:04] [ INFO ] [TurnoService:42] Se solicita la informacion del turno con ID1
[2022-12-12 15:29:04] [ INFO ] [TurnoService:45] Se devuelve la informacion del turno con ID1
[2022-12-12 15:29:04] [ INFO ] [TurnoService:54] Se solicita la informacion de todos los turnos
[2022-12-12 15:29:04] [ INFO ] [OdontologoService:25] Se solicita el guardado de un Odontologo
[2022-12-12 15:29:04] [ INFO ] [PacienteService:24] Se solicita el guardado de un Paciente
[2022-12-12 15:29:04] [ INFO ] [TurnoService:26] Se solicita guardar un nuevo turno
[2022-12-12 15:29:04] [ INFO ] [TurnoService:37] Se solicita actualizar el paciente con ID
[2022-12-12 15:29:04] [ INFO ] [TurnoService:42] Se solicita la informacion del turno con ID2
[2022-12-12 15:29:04] [ INFO ] [TurnoService:45] Se devuelve la informacion del turno con ID2
[2022-12-12 15:29:04] [ WARN ] [TurnoService:33] Se solicita eliminar un turno
[2022-12-12 15:29:04] [ INFO ] [TurnoService:42] Se solicita la informacion del turno con ID1
[2022-12-12 15:29:04] [ INFO ] [TurnoService:49] No se encontro el turno con1
[2022-12-12 15:29:04] [ INFO ] [PacienteService:24] Se solicita el guardado de un Paciente
[2022-12-12 15:29:04] [ INFO ] [PacienteService:37] Se solicita actualizar el paciente con ID1
[2022-12-12 15:29:04] [ INFO ] [PacienteService:41] Se solicita el listado de todos los pacientes
[2022-12-12 15:29:04] [ INFO ] [PacienteService:29] Se solicita actualizar el paciente con ID1
[2022-12-12 15:29:04] [ INFO ] [PacienteService:37] Se solicita actualizar el paciente con ID1
[2022-12-12 15:29:04] [ WARN ] [PacienteService:33] Se solicita eliminar el paciente con ID1
[2022-12-12 15:29:04] [ INFO ] [PacienteService:37] Se solicita actualizar el paciente con ID1
[2022-12-12 15:29:53] [ INFO ] [OdontologoService:25] Se solicita el guardado de un Odontologo
[2022-12-12 15:29:53] [ INFO ] [OdontologoService:38] Se solicita actualizar el odontonlogo con ID1
[2022-12-12 15:29:53] [ INFO ] [OdontologoService:42] Se solicita el listado de todos los Odontologos
[2022-12-12 15:29:53] [ INFO ] [OdontologoService:30] Se solicita actualizar el odontonlogo con ID1
[2022-12-12 15:29:53] [ INFO ] [OdontologoService:38] Se solicita actualizar el odontonlogo con ID1
[2022-12-12 15:29:53] [ WARN ] [OdontologoService:34] Se solicita eliminar el odontonlogo con ID1
[2022-12-12 15:29:53] [ INFO ] [OdontologoService:38] Se solicita actualizar el odontonlogo con ID1
[2022-12-12 15:30:00] [ INFO ] [PacienteService:24] Se solicita el guardado de un Paciente
[2022-12-12 15:30:00] [ INFO ] [PacienteService:37] Se solicita actualizar el paciente con ID1
[2022-12-12 15:30:00] [ INFO ] [PacienteService:41] Se solicita el listado de todos los pacientes
[2022-12-12 15:30:00] [ INFO ] [PacienteService:29] Se solicita actualizar el paciente con ID1
[2022-12-12 15:30:01] [ INFO ] [PacienteService:37] Se solicita actualizar el paciente con ID1
[2022-12-12 15:30:01] [ WARN ] [PacienteService:33] Se solicita eliminar el paciente con ID1
[2022-12-12 15:30:01] [ INFO ] [PacienteService:37] Se solicita actualizar el paciente con ID1
[2022-12-12 15:30:18] [ INFO ] [OdontologoService:25] Se solicita el guardado de un Odontologo
[2022-12-12 15:30:18] [ INFO ] [PacienteService:24] Se solicita el guardado de un Paciente
[2022-12-12 15:30:18] [ INFO ] [TurnoService:26] Se solicita guardar un nuevo turno
[2022-12-12 15:30:18] [ INFO ] [OdontologoService:25] Se solicita el guardado de un Odontologo
[2022-12-12 15:30:18] [ INFO ] [TurnoService:42] Se solicita la informacion del turno con ID1
[2022-12-12 15:30:18] [ INFO ] [TurnoService:45] Se devuelve la informacion del turno con ID1
[2022-12-12 15:30:18] [ INFO ] [TurnoService:54] Se solicita la informacion de todos los turnos
[2022-12-12 15:30:18] [ INFO ] [OdontologoService:25] Se solicita el guardado de un Odontologo
[2022-12-12 15:30:18] [ INFO ] [PacienteService:24] Se solicita el guardado de un Paciente
[2022-12-12 15:30:18] [ INFO ] [TurnoService:26] Se solicita guardar un nuevo turno
[2022-12-12 15:30:18] [ INFO ] [TurnoService:37] Se solicita actualizar el paciente con ID
[2022-12-12 15:30:18] [ INFO ] [TurnoService:42] Se solicita la informacion del turno con ID2
[2022-12-12 15:30:18] [ INFO ] [TurnoService:45] Se devuelve la informacion del turno con ID2
[2022-12-12 15:30:18] [ WARN ] [TurnoService:33] Se solicita eliminar un turno
[2022-12-12 15:30:18] [ INFO ] [TurnoService:42] Se solicita la informacion del turno con ID1
[2022-12-12 15:30:18] [ INFO ] [TurnoService:49] No se encontro el turno con1
[2022-12-12 15:30:30] [ INFO ] [PacienteService:24] Se solicita el guardado de un Paciente
[2022-12-12 15:30:30] [ INFO ] [PacienteService:37] Se solicita actualizar el paciente con ID1
[2022-12-12 15:30:30] [ INFO ] [PacienteService:41] Se solicita el listado de todos los pacientes
[2022-12-12 15:30:30] [ INFO ] [PacienteService:29] Se solicita actualizar el paciente con ID1
[2022-12-12 15:30:30] [ INFO ] [PacienteService:37] Se solicita actualizar el paciente con ID1
[2022-12-12 15:30:30] [ WARN ] [PacienteService:33] Se solicita eliminar el paciente con ID1
[2022-12-12 15:30:30] [ INFO ] [PacienteService:37] Se solicita actualizar el paciente con ID1
[2022-12-12 15:31:44] [ INFO ] [PacienteService:24] Se solicita el guardado de un Paciente
[2022-12-12 15:31:44] [ INFO ] [PacienteService:37] Se solicita actualizar el paciente con ID1
[2022-12-12 15:31:44] [ INFO ] [PacienteService:41] Se solicita el listado de todos los pacientes
[2022-12-12 15:31:44] [ INFO ] [PacienteService:29] Se solicita actualizar el paciente con ID1
[2022-12-12 15:31:44] [ INFO ] [PacienteService:37] Se solicita actualizar el paciente con ID1
[2022-12-12 15:31:44] [ WARN ] [PacienteService:33] Se solicita eliminar el paciente con ID1
[2022-12-12 15:31:44] [ INFO ] [PacienteService:37] Se solicita actualizar el paciente con ID1
[2022-12-12 15:32:16] [ INFO ] [PacienteService:24] Se solicita el guardado de un Paciente
[2022-12-12 15:32:16] [ INFO ] [PacienteService:37] Se solicita actualizar el paciente con ID1
[2022-12-12 15:32:16] [ INFO ] [PacienteService:41] Se solicita el listado de todos los pacientes
[2022-12-12 15:32:16] [ INFO ] [PacienteService:29] Se solicita actualizar el paciente con ID1
[2022-12-12 15:32:16] [ INFO ] [PacienteService:37] Se solicita actualizar el paciente con ID1
[2022-12-12 15:32:16] [ WARN ] [PacienteService:33] Se solicita eliminar el paciente con ID1
[2022-12-12 15:32:16] [ INFO ] [PacienteService:37] Se solicita actualizar el paciente con ID1
[2022-12-12 15:32:27] [ INFO ] [OdontologoService:25] Se solicita el guardado de un Odontologo
[2022-12-12 15:32:27] [ INFO ] [PacienteService:24] Se solicita el guardado de un Paciente
[2022-12-12 15:32:27] [ INFO ] [TurnoService:26] Se solicita guardar un nuevo turno
[2022-12-12 15:32:27] [ INFO ] [OdontologoService:25] Se solicita el guardado de un Odontologo
[2022-12-12 15:32:27] [ INFO ] [TurnoService:42] Se solicita la informacion del turno con ID1
[2022-12-12 15:32:27] [ INFO ] [TurnoService:45] Se devuelve la informacion del turno con ID1
[2022-12-12 15:32:27] [ INFO ] [TurnoService:54] Se solicita la informacion de todos los turnos
[2022-12-12 15:32:27] [ INFO ] [OdontologoService:25] Se solicita el guardado de un Odontologo
[2022-12-12 15:32:27] [ INFO ] [PacienteService:24] Se solicita el guardado de un Paciente
[2022-12-12 15:32:27] [ INFO ] [TurnoService:26] Se solicita guardar un nuevo turno
[2022-12-12 15:32:27] [ INFO ] [TurnoService:37] Se solicita actualizar el paciente con ID
[2022-12-12 15:32:27] [ INFO ] [TurnoService:42] Se solicita la informacion del turno con ID2
[2022-12-12 15:32:27] [ INFO ] [TurnoService:45] Se devuelve la informacion del turno con ID2
[2022-12-12 15:32:27] [ WARN ] [TurnoService:33] Se solicita eliminar un turno
[2022-12-12 15:32:27] [ INFO ] [TurnoService:42] Se solicita la informacion del turno con ID1
[2022-12-12 15:32:27] [ INFO ] [TurnoService:49] No se encontro el turno con1
[2022-12-12 15:32:35] [ INFO ] [OdontologoService:25] Se solicita el guardado de un Odontologo
[2022-12-12 15:32:35] [ INFO ] [OdontologoService:38] Se solicita actualizar el odontonlogo con ID1
[2022-12-12 15:32:35] [ INFO ] [OdontologoService:42] Se solicita el listado de todos los Odontologos
[2022-12-12 15:32:35] [ INFO ] [OdontologoService:30] Se solicita actualizar el odontonlogo con ID1
[2022-12-12 15:32:35] [ INFO ] [OdontologoService:38] Se solicita actualizar el odontonlogo con ID1
[2022-12-12 15:32:35] [ WARN ] [OdontologoService:34] Se solicita eliminar el odontonlogo con ID1
[2022-12-12 15:32:35] [ INFO ] [OdontologoService:38] Se solicita actualizar el odontonlogo con ID1
[2022-12-12 15:41:20] [ INFO ] [OdontologoService:25] Se solicita el guardado de un Odontologo
[2022-12-12 15:41:24] [ INFO ] [OdontologoService:25] Se solicita el guardado de un Odontologo
[2022-12-12 15:41:28] [ INFO ] [OdontologoService:42] Se solicita el listado de todos los Odontologos
[2022-12-12 15:41:30] [ INFO ] [OdontologoService:42] Se solicita el listado de todos los Odontologos
[2022-12-12 15:41:50] [ INFO ] [PacienteService:24] Se solicita el guardado de un Paciente
[2022-12-12 15:42:00] [ INFO ] [PacienteService:24] Se solicita el guardado de un Paciente
[2022-12-12 15:42:02] [ INFO ] [PacienteService:41] Se solicita el listado de todos los pacientes
[2022-12-12 15:42:21] [ INFO ] [TurnoService:54] Se solicita la informacion de todos los turnos
[2022-12-12 15:44:07] [ INFO ] [PacienteService:37] Se solicita actualizar el paciente con ID1
[2022-12-12 15:44:07] [ INFO ] [OdontologoService:38] Se solicita actualizar el odontonlogo con ID1
[2022-12-12 15:44:07] [ INFO ] [TurnoService:26] Se solicita guardar un nuevo turno
[2022-12-12 15:44:50] [ INFO ] [TurnoService:54] Se solicita la informacion de todos los turnos
[2022-12-12 15:45:49] [ INFO ] [OdontologoService:25] Se solicita el guardado de un Odontologo
[2022-12-12 15:46:03] [ INFO ] [PacienteService:24] Se solicita el guardado de un Paciente
[2022-12-12 15:46:10] [ INFO ] [PacienteService:37] Se solicita actualizar el paciente con ID1
[2022-12-12 15:46:10] [ INFO ] [OdontologoService:38] Se solicita actualizar el odontonlogo con ID1
[2022-12-12 15:46:10] [ INFO ] [TurnoService:26] Se solicita guardar un nuevo turno
[2022-12-12 15:49:34] [ INFO ] [TurnoService:54] Se solicita la informacion de todos los turnos
[2022-12-12 15:49:35] [ INFO ] [TurnoService:42] Se solicita la informacion del turno con ID1
[2022-12-12 15:49:35] [ INFO ] [TurnoService:45] Se devuelve la informacion del turno con ID1
[2022-12-12 15:49:37] [ INFO ] [TurnoService:42] Se solicita la informacion del turno con ID1
[2022-12-12 15:49:37] [ INFO ] [TurnoService:45] Se devuelve la informacion del turno con ID1
[2022-12-12 15:49:37] [ INFO ] [PacienteService:37] Se solicita actualizar el paciente con ID1
[2022-12-12 15:49:37] [ INFO ] [OdontologoService:38] Se solicita actualizar el odontonlogo con ID1
[2022-12-12 15:49:37] [ INFO ] [TurnoService:37] Se solicita actualizar el paciente con ID
[2022-12-12 15:49:37] [ INFO ] [TurnoService:54] Se solicita la informacion de todos los turnos
[2022-12-12 15:49:40] [ INFO ] [TurnoService:42] Se solicita la informacion del turno con ID1
[2022-12-12 15:49:40] [ INFO ] [TurnoService:45] Se devuelve la informacion del turno con ID1
[2022-12-12 15:49:43] [ INFO ] [TurnoService:42] Se solicita la informacion del turno con ID1
[2022-12-12 15:49:43] [ INFO ] [TurnoService:45] Se devuelve la informacion del turno con ID1
[2022-12-12 15:49:43] [ INFO ] [PacienteService:37] Se solicita actualizar el paciente con ID1
[2022-12-12 15:49:43] [ INFO ] [OdontologoService:38] Se solicita actualizar el odontonlogo con ID2
[2022-12-12 15:49:43] [ INFO ] [TurnoService:54] Se solicita la informacion de todos los turnos
[2022-12-12 15:49:44] [ INFO ] [TurnoService:42] Se solicita la informacion del turno con ID1
[2022-12-12 15:49:44] [ INFO ] [TurnoService:45] Se devuelve la informacion del turno con ID1
[2022-12-12 15:49:49] [ INFO ] [TurnoService:42] Se solicita la informacion del turno con ID1
[2022-12-12 15:49:49] [ INFO ] [TurnoService:45] Se devuelve la informacion del turno con ID1
[2022-12-12 15:49:49] [ INFO ] [PacienteService:37] Se solicita actualizar el paciente con ID1
[2022-12-12 15:49:49] [ INFO ] [OdontologoService:38] Se solicita actualizar el odontonlogo con ID1
[2022-12-12 15:49:49] [ INFO ] [TurnoService:37] Se solicita actualizar el paciente con ID
[2022-12-12 15:49:49] [ INFO ] [TurnoService:54] Se solicita la informacion de todos los turnos
[2022-12-12 15:49:52] [ INFO ] [TurnoService:42] Se solicita la informacion del turno con ID1
[2022-12-12 15:49:52] [ INFO ] [TurnoService:45] Se devuelve la informacion del turno con ID1
[2022-12-12 15:49:54] [ INFO ] [TurnoService:42] Se solicita la informacion del turno con ID1
[2022-12-12 15:49:54] [ INFO ] [TurnoService:45] Se devuelve la informacion del turno con ID1
[2022-12-12 15:49:54] [ INFO ] [PacienteService:37] Se solicita actualizar el paciente con ID1
[2022-12-12 15:49:54] [ INFO ] [OdontologoService:38] Se solicita actualizar el odontonlogo con ID1
[2022-12-12 15:49:54] [ INFO ] [TurnoService:37] Se solicita actualizar el paciente con ID
[2022-12-12 15:49:54] [ INFO ] [TurnoService:54] Se solicita la informacion de todos los turnos
[2022-12-12 15:53:09] [ INFO ] [OdontologoService:25] Se solicita el guardado de un Odontologo
[2022-12-12 15:53:14] [ INFO ] [OdontologoService:25] Se solicita el guardado de un Odontologo
[2022-12-12 15:53:21] [ INFO ] [OdontologoService:42] Se solicita el listado de todos los Odontologos
[2022-12-12 15:53:33] [ INFO ] [OdontologoService:38] Se solicita actualizar el odontonlogo con ID2
[2022-12-12 15:53:52] [ INFO ] [OdontologoService:38] Se solicita actualizar el odontonlogo con ID2
[2022-12-12 15:53:52] [ INFO ] [OdontologoService:30] Se solicita actualizar el odontonlogo con ID2
[2022-12-12 15:53:53] [ INFO ] [OdontologoService:42] Se solicita el listado de todos los Odontologos
[2022-12-12 15:53:57] [ INFO ] [OdontologoService:38] Se solicita actualizar el odontonlogo con ID1
[2022-12-12 15:53:57] [ WARN ] [OdontologoService:34] Se solicita eliminar el odontonlogo con ID1
[2022-12-12 15:54:02] [ INFO ] [OdontologoService:42] Se solicita el listado de todos los Odontologos
[2022-12-12 15:54:22] [ INFO ] [PacienteService:24] Se solicita el guardado de un Paciente
[2022-12-12 15:54:26] [ INFO ] [PacienteService:41] Se solicita el listado de todos los pacientes
[2022-12-12 15:55:47] [ INFO ] [PacienteService:24] Se solicita el guardado de un Paciente
[2022-12-12 15:55:48] [ INFO ] [PacienteService:41] Se solicita el listado de todos los pacientes
[2022-12-12 15:55:50] [ INFO ] [PacienteService:37] Se solicita actualizar el paciente con ID1
[2022-12-12 15:56:38] [ INFO ] [PacienteService:37] Se solicita actualizar el paciente con ID1
[2022-12-12 15:56:38] [ INFO ] [PacienteService:29] Se solicita actualizar el paciente con ID1
[2022-12-12 15:56:38] [ INFO ] [PacienteService:41] Se solicita el listado de todos los pacientes
[2022-12-12 15:56:41] [ INFO ] [PacienteService:37] Se solicita actualizar el paciente con ID2
[2022-12-12 15:56:41] [ WARN ] [PacienteService:33] Se solicita eliminar el paciente con ID2
[2022-12-12 15:56:54] [ INFO ] [PacienteService:41] Se solicita el listado de todos los pacientes
[2022-12-12 15:56:56] [ INFO ] [OdontologoService:42] Se solicita el listado de todos los Odontologos
[2022-12-12 15:57:06] [ INFO ] [PacienteService:37] Se solicita actualizar el paciente con ID1
[2022-12-12 15:57:06] [ INFO ] [OdontologoService:38] Se solicita actualizar el odontonlogo con ID2
[2022-12-12 15:57:06] [ INFO ] [TurnoService:26] Se solicita guardar un nuevo turno
[2022-12-12 15:57:09] [ INFO ] [TurnoService:54] Se solicita la informacion de todos los turnos
[2022-12-12 15:57:19] [ INFO ] [PacienteService:37] Se solicita actualizar el paciente con ID1
[2022-12-12 15:57:19] [ INFO ] [OdontologoService:38] Se solicita actualizar el odontonlogo con ID2
[2022-12-12 15:57:19] [ INFO ] [TurnoService:26] Se solicita guardar un nuevo turno
[2022-12-12 15:57:20] [ INFO ] [TurnoService:54] Se solicita la informacion de todos los turnos
[2022-12-12 15:57:28] [ INFO ] [TurnoService:42] Se solicita la informacion del turno con ID2
[2022-12-12 15:57:28] [ INFO ] [TurnoService:45] Se devuelve la informacion del turno con ID2
[2022-12-12 15:57:33] [ INFO ] [TurnoService:42] Se solicita la informacion del turno con ID2
[2022-12-12 15:57:33] [ INFO ] [TurnoService:45] Se devuelve la informacion del turno con ID2
[2022-12-12 15:57:33] [ INFO ] [PacienteService:37] Se solicita actualizar el paciente con ID1
[2022-12-12 15:57:33] [ INFO ] [OdontologoService:38] Se solicita actualizar el odontonlogo con ID2
[2022-12-12 15:57:33] [ INFO ] [TurnoService:37] Se solicita actualizar el paciente con ID
[2022-12-12 15:57:33] [ INFO ] [TurnoService:54] Se solicita la informacion de todos los turnos
[2022-12-12 15:57:35] [ INFO ] [TurnoService:42] Se solicita la informacion del turno con ID2
[2022-12-12 15:57:35] [ INFO ] [TurnoService:45] Se devuelve la informacion del turno con ID2
[2022-12-12 15:57:35] [ WARN ] [TurnoService:33] Se solicita eliminar un turno
[2022-12-12 15:57:54] [ INFO ] [OdontologoService:42] Se solicita el listado de todos los Odontologos
[2022-12-12 15:57:57] [ INFO ] [OdontologoService:38] Se solicita actualizar el odontonlogo con ID2
[2022-12-12 15:58:00] [ INFO ] [OdontologoService:38] Se solicita actualizar el odontonlogo con ID2
[2022-12-12 15:58:00] [ INFO ] [OdontologoService:30] Se solicita actualizar el odontonlogo con ID2
[2022-12-12 15:58:00] [ INFO ] [OdontologoService:42] Se solicita el listado de todos los Odontologos
[2022-12-12 15:58:03] [ INFO ] [OdontologoService:38] Se solicita actualizar el odontonlogo con ID2
[2022-12-12 15:58:05] [ INFO ] [OdontologoService:38] Se solicita actualizar el odontonlogo con ID2
[2022-12-12 15:58:05] [ INFO ] [OdontologoService:30] Se solicita actualizar el odontonlogo con ID2
[2022-12-12 15:58:05] [ INFO ] [OdontologoService:42] Se solicita el listado de todos los Odontologos
[2022-12-12 15:58:09] [ INFO ] [OdontologoService:42] Se solicita el listado de todos los Odontologos
[2022-12-12 15:58:11] [ INFO ] [OdontologoService:42] Se solicita el listado de todos los Odontologos
[2022-12-12 15:58:19] [ INFO ] [PacienteService:37] Se solicita actualizar el paciente con ID1
[2022-12-12 15:58:19] [ INFO ] [OdontologoService:38] Se solicita actualizar el odontonlogo con ID2
[2022-12-12 15:58:19] [ INFO ] [TurnoService:26] Se solicita guardar un nuevo turno
[2022-12-12 15:58:21] [ INFO ] [TurnoService:54] Se solicita la informacion de todos los turnos
[2022-12-12 15:58:23] [ INFO ] [TurnoService:42] Se solicita la informacion del turno con ID3
[2022-12-12 15:58:23] [ INFO ] [TurnoService:45] Se devuelve la informacion del turno con ID3
[2022-12-12 15:58:25] [ INFO ] [TurnoService:42] Se solicita la informacion del turno con ID3
[2022-12-12 15:58:25] [ INFO ] [TurnoService:45] Se devuelve la informacion del turno con ID3
[2022-12-12 15:58:25] [ INFO ] [PacienteService:37] Se solicita actualizar el paciente con ID1
[2022-12-12 15:58:25] [ INFO ] [OdontologoService:38] Se solicita actualizar el odontonlogo con ID2
[2022-12-12 15:58:25] [ INFO ] [TurnoService:37] Se solicita actualizar el paciente con ID
[2022-12-12 15:58:25] [ INFO ] [TurnoService:54] Se solicita la informacion de todos los turnos
[2022-12-12 15:58:26] [ INFO ] [TurnoService:42] Se solicita la informacion del turno con ID1
[2022-12-12 15:58:26] [ INFO ] [TurnoService:45] Se devuelve la informacion del turno con ID1
[2022-12-12 15:58:26] [ WARN ] [TurnoService:33] Se solicita eliminar un turno
[2022-12-12 15:58:32] [ INFO ] [TurnoService:42] Se solicita la informacion del turno con ID3
[2022-12-12 15:58:32] [ INFO ] [TurnoService:45] Se devuelve la informacion del turno con ID3
[2022-12-12 16:09:25] [ INFO ] [OdontologoService:25] Se solicita el guardado de un Odontologo
[2022-12-12 16:09:25] [ INFO ] [OdontologoService:38] Se solicita actualizar el odontonlogo con ID1
[2022-12-12 16:09:25] [ INFO ] [OdontologoService:42] Se solicita el listado de todos los Odontologos
[2022-12-12 16:09:25] [ INFO ] [OdontologoService:30] Se solicita actualizar el odontonlogo con ID1
[2022-12-12 16:09:25] [ INFO ] [OdontologoService:38] Se solicita actualizar el odontonlogo con ID1
[2022-12-12 16:09:25] [ WARN ] [OdontologoService:34] Se solicita eliminar el odontonlogo con ID1
[2022-12-12 16:09:25] [ INFO ] [OdontologoService:38] Se solicita actualizar el odontonlogo con ID1
[2022-12-12 16:09:25] [ INFO ] [OdontologoService:25] Se solicita el guardado de un Odontologo
[2022-12-12 16:09:25] [ INFO ] [PacienteService:24] Se solicita el guardado de un Paciente
[2022-12-12 16:09:25] [ INFO ] [TurnoService:26] Se solicita guardar un nuevo turno
[2022-12-12 16:09:25] [ INFO ] [OdontologoService:25] Se solicita el guardado de un Odontologo
[2022-12-12 16:09:25] [ INFO ] [TurnoService:42] Se solicita la informacion del turno con ID1
[2022-12-12 16:09:25] [ INFO ] [TurnoService:45] Se devuelve la informacion del turno con ID1
[2022-12-12 16:09:25] [ INFO ] [TurnoService:54] Se solicita la informacion de todos los turnos
[2022-12-12 16:09:25] [ INFO ] [OdontologoService:25] Se solicita el guardado de un Odontologo
[2022-12-12 16:09:25] [ INFO ] [PacienteService:24] Se solicita el guardado de un Paciente
[2022-12-12 16:09:25] [ INFO ] [TurnoService:26] Se solicita guardar un nuevo turno
[2022-12-12 16:09:25] [ INFO ] [TurnoService:37] Se solicita actualizar el paciente con ID
[2022-12-12 16:09:25] [ INFO ] [TurnoService:42] Se solicita la informacion del turno con ID2
[2022-12-12 16:09:25] [ INFO ] [TurnoService:45] Se devuelve la informacion del turno con ID2
[2022-12-12 16:09:25] [ WARN ] [TurnoService:33] Se solicita eliminar un turno
[2022-12-12 16:09:25] [ INFO ] [TurnoService:42] Se solicita la informacion del turno con ID1
[2022-12-12 16:09:25] [ INFO ] [TurnoService:49] No se encontro el turno con1
[2022-12-12 16:09:25] [ INFO ] [PacienteService:24] Se solicita el guardado de un Paciente
[2022-12-12 16:09:25] [ INFO ] [PacienteService:37] Se solicita actualizar el paciente con ID1
[2022-12-12 16:09:25] [ INFO ] [PacienteService:41] Se solicita el listado de todos los pacientes
[2022-12-12 16:09:25] [ INFO ] [PacienteService:29] Se solicita actualizar el paciente con ID1
[2022-12-12 16:09:25] [ INFO ] [PacienteService:37] Se solicita actualizar el paciente con ID1
[2022-12-12 16:09:25] [ WARN ] [PacienteService:33] Se solicita eliminar el paciente con ID1
[2022-12-12 16:09:25] [ INFO ] [PacienteService:37] Se solicita actualizar el paciente con ID1
[2022-12-12 16:10:06] [ INFO ] [OdontologoService:25] Se solicita el guardado de un Odontologo
[2022-12-12 16:10:09] [ INFO ] [OdontologoService:42] Se solicita el listado de todos los Odontologos
[2022-12-12 16:10:26] [ INFO ] [PacienteService:24] Se solicita el guardado de un Paciente
[2022-12-12 16:10:35] [ INFO ] [PacienteService:37] Se solicita actualizar el paciente con ID1
[2022-12-12 16:10:35] [ INFO ] [OdontologoService:38] Se solicita actualizar el odontonlogo con ID1
[2022-12-12 16:10:35] [ INFO ] [TurnoService:26] Se solicita guardar un nuevo turno
[2022-12-12 16:10:37] [ INFO ] [TurnoService:54] Se solicita la informacion de todos los turnos
[2022-12-12 16:10:42] [ INFO ] [TurnoService:42] Se solicita la informacion del turno con ID1
[2022-12-12 16:10:42] [ INFO ] [TurnoService:45] Se devuelve la informacion del turno con ID1
[2022-12-12 16:10:53] [ INFO ] [TurnoService:42] Se solicita la informacion del turno con ID1
[2022-12-12 16:10:53] [ INFO ] [TurnoService:45] Se devuelve la informacion del turno con ID1
[2022-12-12 16:10:53] [ INFO ] [PacienteService:37] Se solicita actualizar el paciente con ID1
[2022-12-12 16:10:53] [ INFO ] [OdontologoService:38] Se solicita actualizar el odontonlogo con ID1
[2022-12-12 16:10:53] [ INFO ] [TurnoService:37] Se solicita actualizar el paciente con ID
[2022-12-12 16:10:53] [ INFO ] [TurnoService:54] Se solicita la informacion de todos los turnos
[2022-12-12 16:10:55] [ INFO ] [TurnoService:42] Se solicita la informacion del turno con ID1
[2022-12-12 16:10:55] [ INFO ] [TurnoService:45] Se devuelve la informacion del turno con ID1
[2022-12-12 16:10:55] [ WARN ] [TurnoService:33] Se solicita eliminar un turno
[2022-12-12 16:10:57] [ INFO ] [PacienteService:41] Se solicita el listado de todos los pacientes
[2022-12-12 16:10:58] [ INFO ] [PacienteService:37] Se solicita actualizar el paciente con ID1
[2022-12-12 16:10:58] [ WARN ] [PacienteService:33] Se solicita eliminar el paciente con ID1
[2022-12-12 16:11:00] [ INFO ] [PacienteService:41] Se solicita el listado de todos los pacientes
[2022-12-12 16:11:01] [ INFO ] [OdontologoService:42] Se solicita el listado de todos los Odontologos
[2022-12-12 16:11:02] [ INFO ] [OdontologoService:38] Se solicita actualizar el odontonlogo con ID1
[2022-12-12 16:11:02] [ WARN ] [OdontologoService:34] Se solicita eliminar el odontonlogo con ID1
[2022-12-12 16:11:04] [ INFO ] [TurnoService:54] Se solicita la informacion de todos los turnos
[2022-12-12 16:11:12] [ INFO ] [OdontologoService:25] Se solicita el guardado de un Odontologo
[2022-12-12 16:11:31] [ INFO ] [PacienteService:24] Se solicita el guardado de un Paciente
[2022-12-12 16:11:42] [ INFO ] [TurnoService:54] Se solicita la informacion de todos los turnos
[2022-12-12 16:11:44] [ INFO ] [TurnoService:54] Se solicita la informacion de todos los turnos
[2022-12-12 16:12:57] [ INFO ] [PacienteService:37] Se solicita actualizar el paciente con ID1
[2022-12-12 16:13:06] [ INFO ] [PacienteService:37] Se solicita actualizar el paciente con ID1
[2022-12-12 16:13:08] [ INFO ] [PacienteService:41] Se solicita el listado de todos los pacientes
[2022-12-12 16:13:09] [ INFO ] [OdontologoService:42] Se solicita el listado de todos los Odontologos
[2022-12-12 16:13:11] [ INFO ] [TurnoService:54] Se solicita la informacion de todos los turnos
[2022-12-12 16:13:18] [ INFO ] [PacienteService:37] Se solicita actualizar el paciente con ID1
[2022-12-12 16:13:20] [ INFO ] [TurnoService:54] Se solicita la informacion de todos los turnos
[2022-12-12 16:13:28] [ INFO ] [TurnoService:54] Se solicita la informacion de todos los turnos
[2022-12-12 16:13:31] [ INFO ] [TurnoService:54] Se solicita la informacion de todos los turnos
[2022-12-12 16:13:39] [ INFO ] [PacienteService:37] Se solicita actualizar el paciente con ID1
[2022-12-12 16:13:43] [ INFO ] [PacienteService:41] Se solicita el listado de todos los pacientes
[2022-12-12 16:13:45] [ INFO ] [OdontologoService:42] Se solicita el listado de todos los Odontologos
[2022-12-12 16:13:51] [ INFO ] [PacienteService:37] Se solicita actualizar el paciente con ID2
[2022-12-12 16:13:51] [ INFO ] [OdontologoService:38] Se solicita actualizar el odontonlogo con ID2
[2022-12-12 16:13:51] [ INFO ] [TurnoService:26] Se solicita guardar un nuevo turno
[2022-12-12 16:13:53] [ INFO ] [TurnoService:54] Se solicita la informacion de todos los turnos
[2022-12-12 16:13:58] [ INFO ] [TurnoService:54] Se solicita la informacion de todos los turnos
[2022-12-12 16:14:10] [ INFO ] [OdontologoService:42] Se solicita el listado de todos los Odontologos
[2022-12-12 16:14:28] [ INFO ] [TurnoService:54] Se solicita la informacion de todos los turnos
[2022-12-12 16:14:37] [ INFO ] [PacienteService:37] Se solicita actualizar el paciente con ID2
[2022-12-12 16:14:37] [ INFO ] [OdontologoService:38] Se solicita actualizar el odontonlogo con ID2
[2022-12-12 16:14:37] [ INFO ] [TurnoService:26] Se solicita guardar un nuevo turno
[2022-12-12 16:14:41] [ INFO ] [TurnoService:54] Se solicita la informacion de todos los turnos
[2022-12-12 16:14:48] [ INFO ] [TurnoService:42] Se solicita la informacion del turno con ID2
[2022-12-12 16:14:48] [ INFO ] [TurnoService:45] Se devuelve la informacion del turno con ID2
[2022-12-12 16:14:48] [ WARN ] [TurnoService:33] Se solicita eliminar un turno
[2022-12-12 16:16:06] [ INFO ] [OdontologoService:42] Se solicita el listado de todos los Odontologos
[2022-12-12 16:16:24] [ INFO ] [OdontologoService:42] Se solicita el listado de todos los Odontologos
[2022-12-12 16:16:35] [ INFO ] [OdontologoService:42] Se solicita el listado de todos los Odontologos
[2022-12-12 16:17:18] [ INFO ] [OdontologoService:42] Se solicita el listado de todos los Odontologos
[2022-12-12 16:18:48] [ INFO ] [OdontologoService:42] Se solicita el listado de todos los Odontologos
[2022-12-12 16:19:56] [ INFO ] [TurnoService:54] Se solicita la informacion de todos los turnos
[2022-12-12 16:20:22] [ INFO ] [OdontologoService:42] Se solicita el listado de todos los Odontologos
[2022-12-12 16:21:32] [ INFO ] [TurnoService:54] Se solicita la informacion de todos los turnos
[2022-12-12 16:21:44] [ INFO ] [OdontologoService:42] Se solicita el listado de todos los Odontologos
[2022-12-12 16:24:47] [ INFO ] [PacienteService:41] Se solicita el listado de todos los pacientes
[2022-12-12 16:25:17] [ INFO ] [TurnoService:54] Se solicita la informacion de todos los turnos
[2022-12-12 16:26:19] [ INFO ] [TurnoService:54] Se solicita la informacion de todos los turnos
[2022-12-12 16:26:23] [ INFO ] [PacienteService:41] Se solicita el listado de todos los pacientes
[2022-12-12 16:26:26] [ INFO ] [OdontologoService:42] Se solicita el listado de todos los Odontologos
[2022-12-12 16:38:30] [ INFO ] [OdontologoService:25] Se solicita el guardado de un Odontologo
[2022-12-12 16:38:30] [ INFO ] [OdontologoService:38] Se solicita actualizar el odontonlogo con ID1
[2022-12-12 16:38:30] [ INFO ] [OdontologoService:42] Se solicita el listado de todos los Odontologos
[2022-12-12 16:38:30] [ INFO ] [OdontologoService:30] Se solicita actualizar el odontonlogo con ID1
[2022-12-12 16:38:30] [ INFO ] [OdontologoService:38] Se solicita actualizar el odontonlogo con ID1
[2022-12-12 16:38:30] [ WARN ] [OdontologoService:34] Se solicita eliminar el odontonlogo con ID1
[2022-12-12 16:38:30] [ INFO ] [OdontologoService:38] Se solicita actualizar el odontonlogo con ID1
[2022-12-12 16:38:30] [ INFO ] [OdontologoService:25] Se solicita el guardado de un Odontologo
[2022-12-12 16:38:30] [ INFO ] [PacienteService:24] Se solicita el guardado de un Paciente
[2022-12-12 16:38:30] [ INFO ] [TurnoService:26] Se solicita guardar un nuevo turno
[2022-12-12 16:38:30] [ INFO ] [OdontologoService:25] Se solicita el guardado de un Odontologo
[2022-12-12 16:38:30] [ INFO ] [TurnoService:42] Se solicita la informacion del turno con ID1
[2022-12-12 16:38:30] [ INFO ] [TurnoService:45] Se devuelve la informacion del turno con ID1
[2022-12-12 16:38:30] [ INFO ] [TurnoService:54] Se solicita la informacion de todos los turnos
[2022-12-12 16:38:30] [ INFO ] [OdontologoService:25] Se solicita el guardado de un Odontologo
[2022-12-12 16:38:30] [ INFO ] [PacienteService:24] Se solicita el guardado de un Paciente
[2022-12-12 16:38:30] [ INFO ] [TurnoService:26] Se solicita guardar un nuevo turno
[2022-12-12 16:38:30] [ INFO ] [TurnoService:37] Se solicita actualizar el paciente con ID
[2022-12-12 16:38:30] [ INFO ] [TurnoService:42] Se solicita la informacion del turno con ID2
[2022-12-12 16:38:30] [ INFO ] [TurnoService:45] Se devuelve la informacion del turno con ID2
[2022-12-12 16:38:30] [ WARN ] [TurnoService:33] Se solicita eliminar un turno
[2022-12-12 16:38:30] [ INFO ] [TurnoService:42] Se solicita la informacion del turno con ID1
[2022-12-12 16:38:30] [ INFO ] [TurnoService:49] No se encontro el turno con1
[2022-12-12 16:38:30] [ INFO ] [PacienteService:24] Se solicita el guardado de un Paciente
[2022-12-12 16:38:30] [ INFO ] [PacienteService:37] Se solicita actualizar el paciente con ID1
[2022-12-12 16:38:30] [ INFO ] [PacienteService:41] Se solicita el listado de todos los pacientes
[2022-12-12 16:38:30] [ INFO ] [PacienteService:29] Se solicita actualizar el paciente con ID1
[2022-12-12 16:38:30] [ INFO ] [PacienteService:37] Se solicita actualizar el paciente con ID1
[2022-12-12 16:38:30] [ WARN ] [PacienteService:33] Se solicita eliminar el paciente con ID1
[2022-12-12 16:38:30] [ INFO ] [PacienteService:37] Se solicita actualizar el paciente con ID1
[2022-12-12 16:39:02] [ INFO ] [OdontologoService:42] Se solicita el listado de todos los Odontologos
[2022-12-12 16:39:04] [ INFO ] [PacienteService:41] Se solicita el listado de todos los pacientes
[2022-12-12 16:39:07] [ INFO ] [TurnoService:54] Se solicita la informacion de todos los turnos
[2022-12-12 16:39:38] [ INFO ] [TurnoService:54] Se solicita la informacion de todos los turnos
